2025-04-22 11:39:27 - INFO - <BrokerConnection client_id=kafka-python-producer-1, node_id=bootstrap-0 host=localhost:9092 <connecting> [IPv6 ('::1', 9092, 0, 0)]>: connecting to localhost:9092 [('::1', 9092, 0, 0) IPv6]
2025-04-22 11:39:27 - INFO - <BrokerConnection client_id=kafka-python-2.1.5, node_id=bootstrap-0 host=localhost:9092 <connecting> [IPv6 ('::1', 9092, 0, 0)]>: connecting to localhost:9092 [('::1', 9092, 0, 0) IPv6]
2025-04-22 11:39:27 - INFO - <BrokerConnection client_id=kafka-python-producer-1, node_id=bootstrap-0 host=localhost:9092 <checking_api_versions_recv> [IPv6 ('::1', 9092, 0, 0)]>: Broker version identified as 2.6
2025-04-22 11:39:27 - INFO - <BrokerConnection client_id=kafka-python-2.1.5, node_id=bootstrap-0 host=localhost:9092 <checking_api_versions_recv> [IPv6 ('::1', 9092, 0, 0)]>: Broker version identified as 2.6
2025-04-22 11:39:27 - INFO - <BrokerConnection client_id=kafka-python-producer-1, node_id=bootstrap-0 host=localhost:9092 <connected> [IPv6 ('::1', 9092, 0, 0)]>: Connection complete.
2025-04-22 11:39:27 - INFO - <BrokerConnection client_id=kafka-python-2.1.5, node_id=bootstrap-0 host=localhost:9092 <connected> [IPv6 ('::1', 9092, 0, 0)]>: Connection complete.
2025-04-22 11:39:27 - INFO - Updating subscribed topics to: ('test-topic',)
2025-04-22 11:39:27 - INFO - <BrokerConnection client_id=kafka-python-2.1.5, node_id=1 host=localhost:9092 <connecting> [IPv6 ('::1', 9092, 0, 0)]>: connecting to localhost:9092 [('::1', 9092, 0, 0) IPv6]
2025-04-22 11:39:27 - INFO - <BrokerConnection client_id=kafka-python-2.1.5, node_id=1 host=localhost:9092 <connected> [IPv6 ('::1', 9092, 0, 0)]>: Connection complete.
2025-04-22 11:39:27 - INFO - <BrokerConnection client_id=kafka-python-2.1.5, node_id=bootstrap-0 host=localhost:9092 <connected> [IPv6 ('::1', 9092, 0, 0)]>: Closing connection. 
2025-04-22 11:39:27 - INFO - <BrokerConnection client_id=kafka-python-producer-1, node_id=1 host=localhost:9092 <connecting> [IPv6 ('::1', 9092, 0, 0)]>: connecting to localhost:9092 [('::1', 9092, 0, 0) IPv6]
2025-04-22 11:39:27 - INFO - Group coordinator for my-group is BrokerMetadata(nodeId='coordinator-1', host='localhost', port=9092, rack=None)
2025-04-22 11:39:27 - INFO - Discovered coordinator coordinator-1 for group my-group
2025-04-22 11:39:27 - INFO - Starting new heartbeat thread
2025-04-22 11:39:27 - INFO - Revoking previously assigned partitions set() for group my-group
2025-04-22 11:39:27 - INFO - <BrokerConnection client_id=kafka-python-2.1.5, node_id=coordinator-1 host=localhost:9092 <connecting> [IPv6 ('::1', 9092, 0, 0)]>: connecting to localhost:9092 [('::1', 9092, 0, 0) IPv6]
2025-04-22 11:39:27 - INFO - <BrokerConnection client_id=kafka-python-2.1.5, node_id=coordinator-1 host=localhost:9092 <connected> [IPv6 ('::1', 9092, 0, 0)]>: Connection complete.
2025-04-22 11:39:27 - INFO - (Re-)joining group my-group
2025-04-22 11:39:27 - INFO - Elected group leader -- performing partition assignments using range
2025-04-22 11:39:27 - INFO - Successfully joined group my-group with generation 21
2025-04-22 11:39:27 - INFO - Updated partition assignment: [TopicPartition(topic='test-topic', partition=0)]
2025-04-22 11:39:27 - INFO - Setting newly assigned partitions {TopicPartition(topic='test-topic', partition=0)} for group my-group
2025-04-22 11:39:37 - INFO - [Main] 10 seconds elapsed. Stopping threads...
2025-04-22 11:39:37 - INFO - Stopping heartbeat thread
2025-04-22 11:39:40 - WARNING - Heartbeat thread did not fully terminate during close
2025-04-22 11:39:40 - INFO - Leaving consumer group (my-group).
2025-04-22 11:39:40 - INFO - <BrokerConnection client_id=kafka-python-2.1.5, node_id=1 host=localhost:9092 <connected> [IPv6 ('::1', 9092, 0, 0)]>: Closing connection. 
2025-04-22 11:39:40 - INFO - <BrokerConnection client_id=kafka-python-2.1.5, node_id=coordinator-1 host=localhost:9092 <connected> [IPv6 ('::1', 9092, 0, 0)]>: Closing connection. 
2025-04-22 11:39:57 - ERROR - <BrokerConnection client_id=kafka-python-producer-1, node_id=1 host=localhost:9092 <connecting> [IPv6 ('::1', 9092, 0, 0)]>: Connection attempt timed out
2025-04-22 11:39:57 - ERROR - <BrokerConnection client_id=kafka-python-producer-1, node_id=1 host=localhost:9092 <connecting> [IPv6 ('::1', 9092, 0, 0)]>: Closing connection. KafkaConnectionError: timeout
2025-04-22 11:39:57 - INFO - <BrokerConnection client_id=kafka-python-producer-1, node_id=1 host=localhost:9092 <connecting> [IPv4 ('127.0.0.1', 9092)]>: connecting to localhost:9092 [('127.0.0.1', 9092) IPv4]
2025-04-22 11:39:57 - INFO - <BrokerConnection client_id=kafka-python-producer-1, node_id=1 host=localhost:9092 <connected> [IPv4 ('127.0.0.1', 9092)]>: Connection complete.
2025-04-22 11:39:57 - INFO - <BrokerConnection client_id=kafka-python-producer-1, node_id=bootstrap-0 host=localhost:9092 <connected> [IPv6 ('::1', 9092, 0, 0)]>: Closing connection. 
2025-04-22 11:39:58 - INFO - Closing the Kafka producer with 4294967.0 secs timeout.
2025-04-22 11:39:58 - INFO - <BrokerConnection client_id=kafka-python-producer-1, node_id=1 host=localhost:9092 <connected> [IPv4 ('127.0.0.1', 9092)]>: Closing connection. 
2025-04-22 11:39:58 - INFO - [Main] All threads stopped.
2025-04-22 11:46:48 - INFO - <BrokerConnection client_id=kafka-python-producer-1, node_id=bootstrap-0 host=localhost:9092 <connecting> [IPv6 ('::1', 9092, 0, 0)]>: connecting to localhost:9092 [('::1', 9092, 0, 0) IPv6]
2025-04-22 11:46:48 - INFO - <BrokerConnection client_id=kafka-python-2.1.5, node_id=bootstrap-0 host=localhost:9092 <connecting> [IPv6 ('::1', 9092, 0, 0)]>: connecting to localhost:9092 [('::1', 9092, 0, 0) IPv6]
2025-04-22 11:46:49 - INFO - <BrokerConnection client_id=kafka-python-2.1.5, node_id=bootstrap-0 host=localhost:9092 <checking_api_versions_recv> [IPv6 ('::1', 9092, 0, 0)]>: Broker version identified as 2.6
2025-04-22 11:46:49 - INFO - <BrokerConnection client_id=kafka-python-2.1.5, node_id=bootstrap-0 host=localhost:9092 <connected> [IPv6 ('::1', 9092, 0, 0)]>: Connection complete.
2025-04-22 11:46:49 - INFO - <BrokerConnection client_id=kafka-python-producer-1, node_id=bootstrap-0 host=localhost:9092 <checking_api_versions_recv> [IPv6 ('::1', 9092, 0, 0)]>: Broker version identified as 2.6
2025-04-22 11:46:49 - INFO - Updating subscribed topics to: ('test-topic',)
2025-04-22 11:46:49 - INFO - <BrokerConnection client_id=kafka-python-producer-1, node_id=bootstrap-0 host=localhost:9092 <connected> [IPv6 ('::1', 9092, 0, 0)]>: Connection complete.
2025-04-22 11:46:49 - INFO - <BrokerConnection client_id=kafka-python-2.1.5, node_id=1 host=localhost:9092 <connecting> [IPv6 ('::1', 9092, 0, 0)]>: connecting to localhost:9092 [('::1', 9092, 0, 0) IPv6]
2025-04-22 11:46:49 - INFO - <BrokerConnection client_id=kafka-python-2.1.5, node_id=1 host=localhost:9092 <connected> [IPv6 ('::1', 9092, 0, 0)]>: Connection complete.
2025-04-22 11:46:49 - INFO - <BrokerConnection client_id=kafka-python-2.1.5, node_id=bootstrap-0 host=localhost:9092 <connected> [IPv6 ('::1', 9092, 0, 0)]>: Closing connection. 
2025-04-22 11:46:49 - INFO - <BrokerConnection client_id=kafka-python-producer-1, node_id=1 host=localhost:9092 <connecting> [IPv6 ('::1', 9092, 0, 0)]>: connecting to localhost:9092 [('::1', 9092, 0, 0) IPv6]
2025-04-22 11:46:49 - INFO - Group coordinator for my-group is BrokerMetadata(nodeId='coordinator-1', host='localhost', port=9092, rack=None)
2025-04-22 11:46:49 - INFO - Discovered coordinator coordinator-1 for group my-group
2025-04-22 11:46:49 - INFO - Starting new heartbeat thread
2025-04-22 11:46:49 - INFO - Revoking previously assigned partitions set() for group my-group
2025-04-22 11:46:49 - INFO - <BrokerConnection client_id=kafka-python-2.1.5, node_id=coordinator-1 host=localhost:9092 <connecting> [IPv6 ('::1', 9092, 0, 0)]>: connecting to localhost:9092 [('::1', 9092, 0, 0) IPv6]
2025-04-22 11:46:49 - INFO - <BrokerConnection client_id=kafka-python-2.1.5, node_id=coordinator-1 host=localhost:9092 <connected> [IPv6 ('::1', 9092, 0, 0)]>: Connection complete.
2025-04-22 11:46:49 - INFO - (Re-)joining group my-group
2025-04-22 11:46:49 - INFO - Elected group leader -- performing partition assignments using range
2025-04-22 11:46:49 - INFO - Successfully joined group my-group with generation 23
2025-04-22 11:46:49 - INFO - Updated partition assignment: [TopicPartition(topic='test-topic', partition=0)]
2025-04-22 11:46:49 - INFO - Setting newly assigned partitions {TopicPartition(topic='test-topic', partition=0)} for group my-group
2025-04-22 11:46:58 - INFO - [Main] 10 seconds elapsed. Stopping threads...
2025-04-22 11:46:59 - INFO - Stopping heartbeat thread
2025-04-22 11:47:02 - WARNING - Heartbeat thread did not fully terminate during close
2025-04-22 11:47:02 - INFO - Leaving consumer group (my-group).
2025-04-22 11:47:02 - INFO - <BrokerConnection client_id=kafka-python-2.1.5, node_id=1 host=localhost:9092 <connected> [IPv6 ('::1', 9092, 0, 0)]>: Closing connection. 
2025-04-22 11:47:02 - INFO - <BrokerConnection client_id=kafka-python-2.1.5, node_id=coordinator-1 host=localhost:9092 <connected> [IPv6 ('::1', 9092, 0, 0)]>: Closing connection. 
2025-04-22 11:47:19 - ERROR - <BrokerConnection client_id=kafka-python-producer-1, node_id=1 host=localhost:9092 <connecting> [IPv6 ('::1', 9092, 0, 0)]>: Connection attempt timed out
2025-04-22 11:47:19 - ERROR - <BrokerConnection client_id=kafka-python-producer-1, node_id=1 host=localhost:9092 <connecting> [IPv6 ('::1', 9092, 0, 0)]>: Closing connection. KafkaConnectionError: timeout
2025-04-22 11:47:19 - INFO - <BrokerConnection client_id=kafka-python-producer-1, node_id=1 host=localhost:9092 <connecting> [IPv4 ('127.0.0.1', 9092)]>: connecting to localhost:9092 [('127.0.0.1', 9092) IPv4]
2025-04-22 11:47:19 - INFO - <BrokerConnection client_id=kafka-python-producer-1, node_id=1 host=localhost:9092 <connected> [IPv4 ('127.0.0.1', 9092)]>: Connection complete.
2025-04-22 11:47:19 - INFO - <BrokerConnection client_id=kafka-python-producer-1, node_id=bootstrap-0 host=localhost:9092 <connected> [IPv6 ('::1', 9092, 0, 0)]>: Closing connection. 
2025-04-22 11:47:19 - INFO - [Producer] Sent: {'number': 0, 'timestamp': 1745311609.011486}
2025-04-22 11:47:20 - INFO - Closing the Kafka producer with 4294967.0 secs timeout.
2025-04-22 11:47:20 - INFO - <BrokerConnection client_id=kafka-python-producer-1, node_id=1 host=localhost:9092 <connected> [IPv4 ('127.0.0.1', 9092)]>: Closing connection. 
2025-04-22 11:47:20 - INFO - [Main] All threads stopped.
2025-04-22 11:48:45 - INFO - ConsumerThread - <BrokerConnection client_id=kafka-python-2.1.5, node_id=bootstrap-0 host=localhost:9092 <connecting> [IPv6 ('::1', 9092, 0, 0)]>: connecting to localhost:9092 [('::1', 9092, 0, 0) IPv6]
2025-04-22 11:48:45 - INFO - ProducerThread - <BrokerConnection client_id=kafka-python-producer-1, node_id=bootstrap-0 host=localhost:9092 <connecting> [IPv6 ('::1', 9092, 0, 0)]>: connecting to localhost:9092 [('::1', 9092, 0, 0) IPv6]
2025-04-22 11:48:45 - INFO - ProducerThread - <BrokerConnection client_id=kafka-python-producer-1, node_id=bootstrap-0 host=localhost:9092 <checking_api_versions_recv> [IPv6 ('::1', 9092, 0, 0)]>: Broker version identified as 2.6
2025-04-22 11:48:45 - INFO - ConsumerThread - <BrokerConnection client_id=kafka-python-2.1.5, node_id=bootstrap-0 host=localhost:9092 <checking_api_versions_recv> [IPv6 ('::1', 9092, 0, 0)]>: Broker version identified as 2.6
2025-04-22 11:48:45 - INFO - ProducerThread - <BrokerConnection client_id=kafka-python-producer-1, node_id=bootstrap-0 host=localhost:9092 <connected> [IPv6 ('::1', 9092, 0, 0)]>: Connection complete.
2025-04-22 11:48:45 - INFO - ConsumerThread - <BrokerConnection client_id=kafka-python-2.1.5, node_id=bootstrap-0 host=localhost:9092 <connected> [IPv6 ('::1', 9092, 0, 0)]>: Connection complete.
2025-04-22 11:48:45 - INFO - ConsumerThread - Updating subscribed topics to: ('test-topic',)
2025-04-22 11:48:45 - INFO - ConsumerThread - <BrokerConnection client_id=kafka-python-2.1.5, node_id=1 host=localhost:9092 <connecting> [IPv6 ('::1', 9092, 0, 0)]>: connecting to localhost:9092 [('::1', 9092, 0, 0) IPv6]
2025-04-22 11:48:45 - INFO - ConsumerThread - <BrokerConnection client_id=kafka-python-2.1.5, node_id=1 host=localhost:9092 <connected> [IPv6 ('::1', 9092, 0, 0)]>: Connection complete.
2025-04-22 11:48:45 - INFO - ConsumerThread - <BrokerConnection client_id=kafka-python-2.1.5, node_id=bootstrap-0 host=localhost:9092 <connected> [IPv6 ('::1', 9092, 0, 0)]>: Closing connection. 
2025-04-22 11:48:45 - INFO - kafka-python-producer-1-network-thread - <BrokerConnection client_id=kafka-python-producer-1, node_id=1 host=localhost:9092 <connecting> [IPv6 ('::1', 9092, 0, 0)]>: connecting to localhost:9092 [('::1', 9092, 0, 0) IPv6]
2025-04-22 11:48:45 - INFO - ConsumerThread - Group coordinator for my-group is BrokerMetadata(nodeId='coordinator-1', host='localhost', port=9092, rack=None)
2025-04-22 11:48:45 - INFO - ConsumerThread - Discovered coordinator coordinator-1 for group my-group
2025-04-22 11:48:45 - INFO - ConsumerThread - Starting new heartbeat thread
2025-04-22 11:48:45 - INFO - ConsumerThread - Revoking previously assigned partitions set() for group my-group
2025-04-22 11:48:45 - INFO - ConsumerThread - <BrokerConnection client_id=kafka-python-2.1.5, node_id=coordinator-1 host=localhost:9092 <connecting> [IPv6 ('::1', 9092, 0, 0)]>: connecting to localhost:9092 [('::1', 9092, 0, 0) IPv6]
2025-04-22 11:48:45 - INFO - ConsumerThread - <BrokerConnection client_id=kafka-python-2.1.5, node_id=coordinator-1 host=localhost:9092 <connected> [IPv6 ('::1', 9092, 0, 0)]>: Connection complete.
2025-04-22 11:48:45 - INFO - ConsumerThread - (Re-)joining group my-group
2025-04-22 11:48:45 - INFO - ConsumerThread - Elected group leader -- performing partition assignments using range
2025-04-22 11:48:45 - INFO - ConsumerThread - Successfully joined group my-group with generation 25
2025-04-22 11:48:45 - INFO - ConsumerThread - Updated partition assignment: [TopicPartition(topic='test-topic', partition=0)]
2025-04-22 11:48:45 - INFO - ConsumerThread - Setting newly assigned partitions {TopicPartition(topic='test-topic', partition=0)} for group my-group
2025-04-22 11:48:45 - INFO - ConsumerThread - [Consumer] Received: {'number': 0, 'timestamp': 1745311609.011486}
2025-04-22 11:48:55 - INFO - MainThread - [Main] 10 seconds elapsed. Stopping threads...
2025-04-22 11:48:55 - INFO - ConsumerThread - Stopping heartbeat thread
2025-04-22 11:48:58 - WARNING - ConsumerThread - Heartbeat thread did not fully terminate during close
2025-04-22 11:48:58 - INFO - ConsumerThread - Leaving consumer group (my-group).
2025-04-22 11:48:58 - INFO - ConsumerThread - <BrokerConnection client_id=kafka-python-2.1.5, node_id=1 host=localhost:9092 <connected> [IPv6 ('::1', 9092, 0, 0)]>: Closing connection. 
2025-04-22 11:48:58 - INFO - ConsumerThread - <BrokerConnection client_id=kafka-python-2.1.5, node_id=coordinator-1 host=localhost:9092 <connected> [IPv6 ('::1', 9092, 0, 0)]>: Closing connection. 
2025-04-22 11:48:58 - INFO - ConsumerThread - [Consumer] Stopped.
2025-04-22 11:49:15 - ERROR - kafka-python-producer-1-network-thread - <BrokerConnection client_id=kafka-python-producer-1, node_id=1 host=localhost:9092 <connecting> [IPv6 ('::1', 9092, 0, 0)]>: Connection attempt timed out
2025-04-22 11:49:15 - ERROR - kafka-python-producer-1-network-thread - <BrokerConnection client_id=kafka-python-producer-1, node_id=1 host=localhost:9092 <connecting> [IPv6 ('::1', 9092, 0, 0)]>: Closing connection. KafkaConnectionError: timeout
2025-04-22 11:49:15 - INFO - kafka-python-producer-1-network-thread - <BrokerConnection client_id=kafka-python-producer-1, node_id=1 host=localhost:9092 <connecting> [IPv4 ('127.0.0.1', 9092)]>: connecting to localhost:9092 [('127.0.0.1', 9092) IPv4]
2025-04-22 11:49:15 - INFO - kafka-python-producer-1-network-thread - <BrokerConnection client_id=kafka-python-producer-1, node_id=1 host=localhost:9092 <connected> [IPv4 ('127.0.0.1', 9092)]>: Connection complete.
2025-04-22 11:49:15 - INFO - kafka-python-producer-1-network-thread - <BrokerConnection client_id=kafka-python-producer-1, node_id=bootstrap-0 host=localhost:9092 <connected> [IPv6 ('::1', 9092, 0, 0)]>: Closing connection. 
2025-04-22 11:49:15 - INFO - ProducerThread - [Producer] Sent: {'number': 0, 'timestamp': 1745311725.227197}
2025-04-22 11:49:16 - INFO - ProducerThread - Closing the Kafka producer with 4294967.0 secs timeout.
2025-04-22 11:49:16 - INFO - kafka-python-producer-1-network-thread - <BrokerConnection client_id=kafka-python-producer-1, node_id=1 host=localhost:9092 <connected> [IPv4 ('127.0.0.1', 9092)]>: Closing connection. 
2025-04-22 11:49:16 - INFO - ProducerThread - [Producer] Stopped.
2025-04-22 11:49:16 - INFO - MainThread - [Main] All threads stopped.
2025-04-22 11:50:36 - INFO - ProducerThread - <BrokerConnection client_id=kafka-python-producer-1, node_id=bootstrap-0 host=localhost:9092 <connecting> [IPv6 ('::1', 9092, 0, 0)]>: connecting to localhost:9092 [('::1', 9092, 0, 0) IPv6]
2025-04-22 11:50:36 - INFO - ConsumerThread - <BrokerConnection client_id=kafka-python-2.1.5, node_id=bootstrap-0 host=localhost:9092 <connecting> [IPv6 ('::1', 9092, 0, 0)]>: connecting to localhost:9092 [('::1', 9092, 0, 0) IPv6]
2025-04-22 11:50:36 - INFO - ProducerThread - <BrokerConnection client_id=kafka-python-producer-1, node_id=bootstrap-0 host=localhost:9092 <checking_api_versions_recv> [IPv6 ('::1', 9092, 0, 0)]>: Broker version identified as 2.6
2025-04-22 11:50:36 - INFO - ProducerThread - <BrokerConnection client_id=kafka-python-producer-1, node_id=bootstrap-0 host=localhost:9092 <connected> [IPv6 ('::1', 9092, 0, 0)]>: Connection complete.
2025-04-22 11:50:36 - INFO - kafka-python-producer-1-network-thread - <BrokerConnection client_id=kafka-python-producer-1, node_id=1 host=localhost:9092 <connecting> [IPv6 ('::1', 9092, 0, 0)]>: connecting to localhost:9092 [('::1', 9092, 0, 0) IPv6]
2025-04-22 11:50:36 - INFO - kafka-python-producer-1-network-thread - <BrokerConnection client_id=kafka-python-producer-1, node_id=1 host=localhost:9092 <connected> [IPv6 ('::1', 9092, 0, 0)]>: Connection complete.
2025-04-22 11:50:36 - INFO - kafka-python-producer-1-network-thread - <BrokerConnection client_id=kafka-python-producer-1, node_id=bootstrap-0 host=localhost:9092 <connected> [IPv6 ('::1', 9092, 0, 0)]>: Closing connection. 
2025-04-22 11:50:36 - INFO - ProducerThread - [Producer] Sent: {'number': 0, 'timestamp': '2025-04-22 11:50:36'}
2025-04-22 11:50:37 - INFO - ProducerThread - [Producer] Sent: {'number': 1, 'timestamp': '2025-04-22 11:50:37'}
2025-04-22 11:50:38 - INFO - ProducerThread - [Producer] Sent: {'number': 2, 'timestamp': '2025-04-22 11:50:38'}
2025-04-22 11:50:39 - INFO - ProducerThread - [Producer] Sent: {'number': 3, 'timestamp': '2025-04-22 11:50:39'}
2025-04-22 11:50:40 - INFO - ProducerThread - [Producer] Sent: {'number': 4, 'timestamp': '2025-04-22 11:50:40'}
2025-04-22 11:50:41 - INFO - ProducerThread - [Producer] Sent: {'number': 5, 'timestamp': '2025-04-22 11:50:41'}
2025-04-22 11:50:42 - INFO - ProducerThread - [Producer] Sent: {'number': 6, 'timestamp': '2025-04-22 11:50:42'}
2025-04-22 11:50:43 - INFO - ProducerThread - [Producer] Sent: {'number': 7, 'timestamp': '2025-04-22 11:50:43'}
2025-04-22 11:50:44 - INFO - ProducerThread - [Producer] Sent: {'number': 8, 'timestamp': '2025-04-22 11:50:44'}
2025-04-22 11:50:45 - INFO - ProducerThread - [Producer] Sent: {'number': 9, 'timestamp': '2025-04-22 11:50:45'}
2025-04-22 11:50:46 - INFO - MainThread - [Main] 10 seconds elapsed. Stopping threads...
2025-04-22 11:50:46 - INFO - ProducerThread - Closing the Kafka producer with 4294967.0 secs timeout.
2025-04-22 11:50:46 - INFO - kafka-python-producer-1-network-thread - <BrokerConnection client_id=kafka-python-producer-1, node_id=1 host=localhost:9092 <connected> [IPv6 ('::1', 9092, 0, 0)]>: Closing connection. 
2025-04-22 11:50:46 - INFO - ProducerThread - [Producer] Stopped.
2025-04-22 11:50:46 - INFO - MainThread - [Main] All threads stopped.
2025-04-22 11:51:08 - INFO - ProducerThread - <BrokerConnection client_id=kafka-python-producer-1, node_id=bootstrap-0 host=localhost:9092 <connecting> [IPv6 ('::1', 9092, 0, 0)]>: connecting to localhost:9092 [('::1', 9092, 0, 0) IPv6]
2025-04-22 11:51:08 - INFO - ConsumerThread - <BrokerConnection client_id=kafka-python-2.1.5, node_id=bootstrap-0 host=localhost:9092 <connecting> [IPv6 ('::1', 9092, 0, 0)]>: connecting to localhost:9092 [('::1', 9092, 0, 0) IPv6]
2025-04-22 11:51:08 - INFO - ProducerThread - <BrokerConnection client_id=kafka-python-producer-1, node_id=bootstrap-0 host=localhost:9092 <checking_api_versions_recv> [IPv6 ('::1', 9092, 0, 0)]>: Broker version identified as 2.6
2025-04-22 11:51:08 - INFO - ProducerThread - <BrokerConnection client_id=kafka-python-producer-1, node_id=bootstrap-0 host=localhost:9092 <connected> [IPv6 ('::1', 9092, 0, 0)]>: Connection complete.
2025-04-22 11:51:08 - INFO - ConsumerThread - <BrokerConnection client_id=kafka-python-2.1.5, node_id=bootstrap-0 host=localhost:9092 <checking_api_versions_recv> [IPv6 ('::1', 9092, 0, 0)]>: Broker version identified as 2.6
2025-04-22 11:51:08 - INFO - ConsumerThread - <BrokerConnection client_id=kafka-python-2.1.5, node_id=bootstrap-0 host=localhost:9092 <connected> [IPv6 ('::1', 9092, 0, 0)]>: Connection complete.
2025-04-22 11:51:08 - INFO - ConsumerThread - Updating subscribed topics to: ('test-topic',)
2025-04-22 11:51:08 - INFO - ConsumerThread - <BrokerConnection client_id=kafka-python-2.1.5, node_id=1 host=localhost:9092 <connecting> [IPv6 ('::1', 9092, 0, 0)]>: connecting to localhost:9092 [('::1', 9092, 0, 0) IPv6]
2025-04-22 11:51:08 - INFO - ConsumerThread - <BrokerConnection client_id=kafka-python-2.1.5, node_id=1 host=localhost:9092 <connected> [IPv6 ('::1', 9092, 0, 0)]>: Connection complete.
2025-04-22 11:51:08 - INFO - ConsumerThread - <BrokerConnection client_id=kafka-python-2.1.5, node_id=bootstrap-0 host=localhost:9092 <connected> [IPv6 ('::1', 9092, 0, 0)]>: Closing connection. 
2025-04-22 11:51:09 - INFO - ConsumerThread - Group coordinator for my-group is BrokerMetadata(nodeId='coordinator-1', host='localhost', port=9092, rack=None)
2025-04-22 11:51:09 - INFO - ConsumerThread - Discovered coordinator coordinator-1 for group my-group
2025-04-22 11:51:09 - INFO - kafka-python-producer-1-network-thread - <BrokerConnection client_id=kafka-python-producer-1, node_id=1 host=localhost:9092 <connecting> [IPv6 ('::1', 9092, 0, 0)]>: connecting to localhost:9092 [('::1', 9092, 0, 0) IPv6]
2025-04-22 11:51:09 - INFO - ConsumerThread - Starting new heartbeat thread
2025-04-22 11:51:09 - INFO - ConsumerThread - Revoking previously assigned partitions set() for group my-group
2025-04-22 11:51:09 - INFO - ConsumerThread - <BrokerConnection client_id=kafka-python-2.1.5, node_id=coordinator-1 host=localhost:9092 <connecting> [IPv6 ('::1', 9092, 0, 0)]>: connecting to localhost:9092 [('::1', 9092, 0, 0) IPv6]
2025-04-22 11:51:09 - INFO - ConsumerThread - <BrokerConnection client_id=kafka-python-2.1.5, node_id=coordinator-1 host=localhost:9092 <connected> [IPv6 ('::1', 9092, 0, 0)]>: Connection complete.
2025-04-22 11:51:09 - INFO - ConsumerThread - (Re-)joining group my-group
2025-04-22 11:51:09 - INFO - ConsumerThread - Elected group leader -- performing partition assignments using range
2025-04-22 11:51:09 - INFO - ConsumerThread - Successfully joined group my-group with generation 27
2025-04-22 11:51:09 - INFO - ConsumerThread - Updated partition assignment: [TopicPartition(topic='test-topic', partition=0)]
2025-04-22 11:51:09 - INFO - ConsumerThread - Setting newly assigned partitions {TopicPartition(topic='test-topic', partition=0)} for group my-group
2025-04-22 11:51:09 - INFO - ConsumerThread - [Consumer] Received: {'number': 0, 'timestamp': 1745311725.227197}
2025-04-22 11:51:09 - INFO - ConsumerThread - [Consumer] Received: {'number': 0, 'timestamp': '2025-04-22 11:50:36'}
2025-04-22 11:51:09 - INFO - ConsumerThread - [Consumer] Received: {'number': 1, 'timestamp': '2025-04-22 11:50:37'}
2025-04-22 11:51:09 - INFO - ConsumerThread - [Consumer] Received: {'number': 2, 'timestamp': '2025-04-22 11:50:38'}
2025-04-22 11:51:09 - INFO - ConsumerThread - [Consumer] Received: {'number': 3, 'timestamp': '2025-04-22 11:50:39'}
2025-04-22 11:51:09 - INFO - ConsumerThread - [Consumer] Received: {'number': 4, 'timestamp': '2025-04-22 11:50:40'}
2025-04-22 11:51:09 - INFO - ConsumerThread - [Consumer] Received: {'number': 5, 'timestamp': '2025-04-22 11:50:41'}
2025-04-22 11:51:09 - INFO - ConsumerThread - [Consumer] Received: {'number': 6, 'timestamp': '2025-04-22 11:50:42'}
2025-04-22 11:51:09 - INFO - ConsumerThread - [Consumer] Received: {'number': 7, 'timestamp': '2025-04-22 11:50:43'}
2025-04-22 11:51:09 - INFO - ConsumerThread - [Consumer] Received: {'number': 8, 'timestamp': '2025-04-22 11:50:44'}
2025-04-22 11:51:09 - INFO - ConsumerThread - [Consumer] Received: {'number': 9, 'timestamp': '2025-04-22 11:50:45'}
2025-04-22 11:51:18 - INFO - MainThread - [Main] 10 seconds elapsed. Stopping threads...
2025-04-22 11:51:19 - INFO - ConsumerThread - Stopping heartbeat thread
2025-04-22 11:51:22 - WARNING - ConsumerThread - Heartbeat thread did not fully terminate during close
2025-04-22 11:51:22 - INFO - ConsumerThread - Leaving consumer group (my-group).
2025-04-22 11:51:22 - INFO - ConsumerThread - <BrokerConnection client_id=kafka-python-2.1.5, node_id=1 host=localhost:9092 <connected> [IPv6 ('::1', 9092, 0, 0)]>: Closing connection. 
2025-04-22 11:51:22 - INFO - ConsumerThread - <BrokerConnection client_id=kafka-python-2.1.5, node_id=coordinator-1 host=localhost:9092 <connected> [IPv6 ('::1', 9092, 0, 0)]>: Closing connection. 
2025-04-22 11:51:22 - INFO - ConsumerThread - [Consumer] Stopped.
2025-04-22 11:51:39 - ERROR - kafka-python-producer-1-network-thread - <BrokerConnection client_id=kafka-python-producer-1, node_id=1 host=localhost:9092 <connecting> [IPv6 ('::1', 9092, 0, 0)]>: Connection attempt timed out
2025-04-22 11:51:39 - ERROR - kafka-python-producer-1-network-thread - <BrokerConnection client_id=kafka-python-producer-1, node_id=1 host=localhost:9092 <connecting> [IPv6 ('::1', 9092, 0, 0)]>: Closing connection. KafkaConnectionError: timeout
2025-04-22 11:51:39 - INFO - kafka-python-producer-1-network-thread - <BrokerConnection client_id=kafka-python-producer-1, node_id=1 host=localhost:9092 <connecting> [IPv4 ('127.0.0.1', 9092)]>: connecting to localhost:9092 [('127.0.0.1', 9092) IPv4]
2025-04-22 11:51:39 - INFO - kafka-python-producer-1-network-thread - <BrokerConnection client_id=kafka-python-producer-1, node_id=1 host=localhost:9092 <connected> [IPv4 ('127.0.0.1', 9092)]>: Connection complete.
2025-04-22 11:51:39 - INFO - kafka-python-producer-1-network-thread - <BrokerConnection client_id=kafka-python-producer-1, node_id=bootstrap-0 host=localhost:9092 <connected> [IPv6 ('::1', 9092, 0, 0)]>: Closing connection. 
2025-04-22 11:51:39 - INFO - ProducerThread - [Producer] Sent: {'number': 0, 'timestamp': '2025-04-22 11:51:08'}
2025-04-22 11:51:40 - INFO - ProducerThread - Closing the Kafka producer with 4294967.0 secs timeout.
2025-04-22 11:51:40 - INFO - kafka-python-producer-1-network-thread - <BrokerConnection client_id=kafka-python-producer-1, node_id=1 host=localhost:9092 <connected> [IPv4 ('127.0.0.1', 9092)]>: Closing connection. 
2025-04-22 11:51:40 - INFO - ProducerThread - [Producer] Stopped.
2025-04-22 11:51:40 - INFO - MainThread - [Main] All threads stopped.
2025-04-22 11:53:09 - INFO - ProducerThread - <BrokerConnection client_id=kafka-python-producer-1, node_id=bootstrap-0 host=localhost:9092 <connecting> [IPv6 ('::1', 9092, 0, 0)]>: connecting to localhost:9092 [('::1', 9092, 0, 0) IPv6]
2025-04-22 11:53:09 - INFO - ProducerThread - <BrokerConnection client_id=kafka-python-producer-1, node_id=bootstrap-0 host=localhost:9092 <checking_api_versions_recv> [IPv6 ('::1', 9092, 0, 0)]>: Broker version identified as 2.6
2025-04-22 11:53:09 - INFO - ProducerThread - <BrokerConnection client_id=kafka-python-producer-1, node_id=bootstrap-0 host=localhost:9092 <connected> [IPv6 ('::1', 9092, 0, 0)]>: Connection complete.
2025-04-22 11:53:09 - INFO - kafka-python-producer-1-network-thread - <BrokerConnection client_id=kafka-python-producer-1, node_id=1 host=localhost:9092 <connecting> [IPv6 ('::1', 9092, 0, 0)]>: connecting to localhost:9092 [('::1', 9092, 0, 0) IPv6]
2025-04-22 11:53:09 - INFO - kafka-python-producer-1-network-thread - <BrokerConnection client_id=kafka-python-producer-1, node_id=1 host=localhost:9092 <connected> [IPv6 ('::1', 9092, 0, 0)]>: Connection complete.
2025-04-22 11:53:09 - INFO - kafka-python-producer-1-network-thread - <BrokerConnection client_id=kafka-python-producer-1, node_id=bootstrap-0 host=localhost:9092 <connected> [IPv6 ('::1', 9092, 0, 0)]>: Closing connection. 
2025-04-22 11:53:09 - INFO - ProducerThread - [Producer] Sent: {'number': 0, 'timestamp': '2025-04-22 11:53:09'}
2025-04-22 11:53:10 - INFO - ProducerThread - [Producer] Sent: {'number': 1, 'timestamp': '2025-04-22 11:53:10'}
2025-04-22 11:53:11 - INFO - ProducerThread - [Producer] Sent: {'number': 2, 'timestamp': '2025-04-22 11:53:11'}
2025-04-22 11:53:12 - INFO - ProducerThread - [Producer] Sent: {'number': 3, 'timestamp': '2025-04-22 11:53:12'}
2025-04-22 11:53:13 - INFO - ProducerThread - [Producer] Sent: {'number': 4, 'timestamp': '2025-04-22 11:53:13'}
2025-04-22 11:53:14 - INFO - ProducerThread - [Producer] Sent: {'number': 5, 'timestamp': '2025-04-22 11:53:14'}
2025-04-22 11:53:15 - INFO - ProducerThread - [Producer] Sent: {'number': 6, 'timestamp': '2025-04-22 11:53:15'}
2025-04-22 11:53:16 - INFO - ProducerThread - [Producer] Sent: {'number': 7, 'timestamp': '2025-04-22 11:53:16'}
2025-04-22 11:53:17 - INFO - ProducerThread - [Producer] Sent: {'number': 8, 'timestamp': '2025-04-22 11:53:17'}
2025-04-22 11:53:18 - INFO - ProducerThread - [Producer] Sent: {'number': 9, 'timestamp': '2025-04-22 11:53:18'}
2025-04-22 11:53:19 - INFO - MainThread - [Main] 10 seconds elapsed. Stopping threads...
2025-04-22 11:53:19 - INFO - ConsumerThread - <BrokerConnection client_id=kafka-python-2.1.5, node_id=bootstrap-0 host=localhost:9092 <connecting> [IPv6 ('::1', 9092, 0, 0)]>: connecting to localhost:9092 [('::1', 9092, 0, 0) IPv6]
2025-04-22 11:53:19 - INFO - ConsumerThread - <BrokerConnection client_id=kafka-python-2.1.5, node_id=bootstrap-0 host=localhost:9092 <checking_api_versions_recv> [IPv6 ('::1', 9092, 0, 0)]>: Broker version identified as 2.6
2025-04-22 11:53:19 - INFO - ConsumerThread - <BrokerConnection client_id=kafka-python-2.1.5, node_id=bootstrap-0 host=localhost:9092 <connected> [IPv6 ('::1', 9092, 0, 0)]>: Connection complete.
2025-04-22 11:53:19 - INFO - ConsumerThread - Updating subscribed topics to: ('test-topic',)
2025-04-22 11:53:19 - INFO - ConsumerThread - <BrokerConnection client_id=kafka-python-2.1.5, node_id=bootstrap-0 host=localhost:9092 <connected> [IPv6 ('::1', 9092, 0, 0)]>: Closing connection. 
2025-04-22 11:53:19 - INFO - ConsumerThread - [Consumer] Stopped.
2025-04-22 11:53:19 - INFO - ProducerThread - Closing the Kafka producer with 4294967.0 secs timeout.
2025-04-22 11:53:19 - INFO - kafka-python-producer-1-network-thread - <BrokerConnection client_id=kafka-python-producer-1, node_id=1 host=localhost:9092 <connected> [IPv6 ('::1', 9092, 0, 0)]>: Closing connection. 
2025-04-22 11:53:19 - INFO - ProducerThread - [Producer] Stopped.
2025-04-22 11:53:19 - INFO - MainThread - [Main] All threads stopped.
2025-04-22 11:54:53 - INFO - ProducerThread - <BrokerConnection client_id=kafka-python-producer-1, node_id=bootstrap-0 host=localhost:9092 <connecting> [IPv6 ('::1', 9092, 0, 0)]>: connecting to localhost:9092 [('::1', 9092, 0, 0) IPv6]
2025-04-22 11:54:53 - INFO - ProducerThread - <BrokerConnection client_id=kafka-python-producer-1, node_id=bootstrap-0 host=localhost:9092 <checking_api_versions_recv> [IPv6 ('::1', 9092, 0, 0)]>: Broker version identified as 2.6
2025-04-22 11:54:53 - INFO - ProducerThread - <BrokerConnection client_id=kafka-python-producer-1, node_id=bootstrap-0 host=localhost:9092 <connected> [IPv6 ('::1', 9092, 0, 0)]>: Connection complete.
2025-04-22 11:54:53 - INFO - kafka-python-producer-1-network-thread - <BrokerConnection client_id=kafka-python-producer-1, node_id=1 host=localhost:9092 <connecting> [IPv6 ('::1', 9092, 0, 0)]>: connecting to localhost:9092 [('::1', 9092, 0, 0) IPv6]
2025-04-22 11:54:53 - INFO - kafka-python-producer-1-network-thread - <BrokerConnection client_id=kafka-python-producer-1, node_id=1 host=localhost:9092 <connected> [IPv6 ('::1', 9092, 0, 0)]>: Connection complete.
2025-04-22 11:54:53 - INFO - kafka-python-producer-1-network-thread - <BrokerConnection client_id=kafka-python-producer-1, node_id=bootstrap-0 host=localhost:9092 <connected> [IPv6 ('::1', 9092, 0, 0)]>: Closing connection. 
2025-04-22 11:54:53 - INFO - ProducerThread - [Producer] Sent: {'number': 0, 'timestamp': '2025-04-22 11:54:53'}
2025-04-22 11:54:54 - INFO - ProducerThread - [Producer] Sent: {'number': 1, 'timestamp': '2025-04-22 11:54:54'}
2025-04-22 11:54:55 - INFO - ProducerThread - [Producer] Sent: {'number': 2, 'timestamp': '2025-04-22 11:54:55'}
2025-04-22 11:54:56 - INFO - ProducerThread - [Producer] Sent: {'number': 3, 'timestamp': '2025-04-22 11:54:56'}
2025-04-22 11:54:57 - INFO - ProducerThread - [Producer] Sent: {'number': 4, 'timestamp': '2025-04-22 11:54:57'}
2025-04-22 11:54:58 - INFO - ProducerThread - [Producer] Sent: {'number': 5, 'timestamp': '2025-04-22 11:54:58'}
2025-04-22 11:54:59 - INFO - ProducerThread - [Producer] Sent: {'number': 6, 'timestamp': '2025-04-22 11:54:59'}
2025-04-22 11:55:00 - INFO - ProducerThread - [Producer] Sent: {'number': 7, 'timestamp': '2025-04-22 11:55:00'}
2025-04-22 11:55:01 - INFO - ProducerThread - [Producer] Sent: {'number': 8, 'timestamp': '2025-04-22 11:55:01'}
2025-04-22 11:55:02 - INFO - ProducerThread - [Producer] Sent: {'number': 9, 'timestamp': '2025-04-22 11:55:02'}
2025-04-22 11:55:03 - INFO - ConsumerThread - <BrokerConnection client_id=kafka-python-2.1.5, node_id=bootstrap-0 host=localhost:9092 <connecting> [IPv6 ('::1', 9092, 0, 0)]>: connecting to localhost:9092 [('::1', 9092, 0, 0) IPv6]
2025-04-22 11:55:03 - INFO - ProducerThread - [Producer] Sent: {'number': 10, 'timestamp': '2025-04-22 11:55:03'}
2025-04-22 11:55:04 - INFO - ProducerThread - [Producer] Sent: {'number': 11, 'timestamp': '2025-04-22 11:55:04'}
2025-04-22 11:55:05 - INFO - ProducerThread - [Producer] Sent: {'number': 12, 'timestamp': '2025-04-22 11:55:05'}
2025-04-22 11:55:06 - INFO - ProducerThread - [Producer] Sent: {'number': 13, 'timestamp': '2025-04-22 11:55:06'}
2025-04-22 11:55:07 - INFO - ProducerThread - [Producer] Sent: {'number': 14, 'timestamp': '2025-04-22 11:55:07'}
2025-04-22 11:55:08 - INFO - ProducerThread - [Producer] Sent: {'number': 15, 'timestamp': '2025-04-22 11:55:08'}
2025-04-22 11:55:09 - INFO - ProducerThread - [Producer] Sent: {'number': 16, 'timestamp': '2025-04-22 11:55:09'}
2025-04-22 11:55:10 - INFO - ProducerThread - [Producer] Sent: {'number': 17, 'timestamp': '2025-04-22 11:55:10'}
2025-04-22 11:55:11 - INFO - ProducerThread - [Producer] Sent: {'number': 18, 'timestamp': '2025-04-22 11:55:11'}
2025-04-22 11:55:12 - INFO - ProducerThread - [Producer] Sent: {'number': 19, 'timestamp': '2025-04-22 11:55:12'}
2025-04-22 11:55:13 - INFO - MainThread - [Main] 10 seconds elapsed. Stopping threads...
2025-04-22 11:55:13 - INFO - ProducerThread - Closing the Kafka producer with 4294967.0 secs timeout.
2025-04-22 11:55:13 - INFO - kafka-python-producer-1-network-thread - <BrokerConnection client_id=kafka-python-producer-1, node_id=1 host=localhost:9092 <connected> [IPv6 ('::1', 9092, 0, 0)]>: Closing connection. 
2025-04-22 11:55:13 - INFO - ProducerThread - [Producer] Stopped.
2025-04-22 11:55:13 - INFO - MainThread - [Main] All threads stopped.
